FATAL [Thread-6] 2018-04-18 14:50:38,970 repast.simphony.ui.GUIScheduleRunner - RunTimeException when running the schedule
Current tick (0.0)
java.lang.RuntimeException: java.lang.reflect.InvocationTargetException
	at repast.simphony.engine.schedule.DynamicTargetAction.execute(DynamicTargetAction.java:72)
	at repast.simphony.engine.controller.ScheduledMethodControllerAction$ScheduleMethodAllAction.execute(ScheduledMethodControllerAction.java:333)
	at repast.simphony.engine.schedule.DefaultAction.execute(DefaultAction.java:38)
	at repast.simphony.engine.schedule.ScheduleGroup.executeList(ScheduleGroup.java:205)
	at repast.simphony.engine.schedule.ScheduleGroup.execute(ScheduleGroup.java:231)
	at repast.simphony.engine.schedule.Schedule.execute(Schedule.java:352)
	at repast.simphony.ui.GUIScheduleRunner$ScheduleLoopRunnable.run(GUIScheduleRunner.java:52)
	at java.lang.Thread.run(Thread.java:745)
Caused by: java.lang.reflect.InvocationTargetException
	at cyberfit.relogo.UserObserver$$FastClassByCGLIB$$3a39e39b.invoke(<generated>)
	at net.sf.cglib.reflect.FastMethod.invoke(FastMethod.java:53)
	at repast.simphony.engine.schedule.DynamicTargetAction.execute(DynamicTargetAction.java:69)
	... 7 more
Caused by: groovy.lang.MissingMethodException: No signature of method: cyberfit.relogo.UserObserver.createPatch() is applicable for argument types: (Integer, Integer) values: [100, 100]
Possible solutions: createPatchVar(repast.simphony.relogo.DiffusiblePatchVariable)
	at org.codehaus.groovy.runtime.ScriptBytecodeAdapter.unwrap(ScriptBytecodeAdapter.java:58)
	at org.codehaus.groovy.vmplugin.v7.IndyGuardsFiltersAndSignatures.unwrap(IndyGuardsFiltersAndSignatures.java:177)
	at org.codehaus.groovy.vmplugin.v7.IndyInterface.selectMethod(IndyInterface.java:232)
	at cyberfit.relogo.UserObserver.setup(UserObserver.groovy:22)
	... 10 more
FATAL [Thread-7] 2018-04-18 14:50:44,565 repast.simphony.ui.GUIScheduleRunner - RunTimeException when running the schedule
Current tick (0.0)
java.lang.RuntimeException: java.lang.reflect.InvocationTargetException
	at repast.simphony.engine.schedule.DynamicTargetAction.execute(DynamicTargetAction.java:72)
	at repast.simphony.engine.controller.ScheduledMethodControllerAction$ScheduleMethodAllAction.execute(ScheduledMethodControllerAction.java:333)
	at repast.simphony.engine.schedule.DefaultAction.execute(DefaultAction.java:38)
	at repast.simphony.engine.schedule.ScheduleGroup.executeList(ScheduleGroup.java:205)
	at repast.simphony.engine.schedule.ScheduleGroup.execute(ScheduleGroup.java:231)
	at repast.simphony.engine.schedule.Schedule.execute(Schedule.java:352)
	at repast.simphony.ui.GUIScheduleRunner$ScheduleLoopRunnable.run(GUIScheduleRunner.java:52)
	at java.lang.Thread.run(Thread.java:745)
Caused by: java.lang.reflect.InvocationTargetException
	at cyberfit.relogo.UserObserver$$FastClassByCGLIB$$3a39e39b.invoke(<generated>)
	at net.sf.cglib.reflect.FastMethod.invoke(FastMethod.java:53)
	at repast.simphony.engine.schedule.DynamicTargetAction.execute(DynamicTargetAction.java:69)
	... 7 more
Caused by: groovy.lang.MissingMethodException: No signature of method: cyberfit.relogo.UserObserver.createPatch() is applicable for argument types: (Integer, Integer) values: [100, 100]
Possible solutions: createPatchVar(repast.simphony.relogo.DiffusiblePatchVariable)
	at org.codehaus.groovy.runtime.ScriptBytecodeAdapter.unwrap(ScriptBytecodeAdapter.java:58)
	at org.codehaus.groovy.vmplugin.v7.IndyGuardsFiltersAndSignatures.unwrap(IndyGuardsFiltersAndSignatures.java:177)
	at cyberfit.relogo.UserObserver.setup(UserObserver.groovy:22)
	... 10 more
FATAL [Thread-8] 2018-04-18 14:50:47,462 repast.simphony.ui.GUIScheduleRunner - RunTimeException when running the schedule
Current tick (0.0)
java.lang.RuntimeException: java.lang.reflect.InvocationTargetException
	at repast.simphony.engine.schedule.DynamicTargetAction.execute(DynamicTargetAction.java:72)
	at repast.simphony.engine.controller.ScheduledMethodControllerAction$ScheduleMethodAllAction.execute(ScheduledMethodControllerAction.java:333)
	at repast.simphony.engine.schedule.DefaultAction.execute(DefaultAction.java:38)
	at repast.simphony.engine.schedule.ScheduleGroup.executeList(ScheduleGroup.java:205)
	at repast.simphony.engine.schedule.ScheduleGroup.execute(ScheduleGroup.java:231)
	at repast.simphony.engine.schedule.Schedule.execute(Schedule.java:352)
	at repast.simphony.ui.GUIScheduleRunner$ScheduleLoopRunnable.run(GUIScheduleRunner.java:52)
	at java.lang.Thread.run(Thread.java:745)
Caused by: java.lang.reflect.InvocationTargetException
	at cyberfit.relogo.UserObserver$$FastClassByCGLIB$$3a39e39b.invoke(<generated>)
	at net.sf.cglib.reflect.FastMethod.invoke(FastMethod.java:53)
	at repast.simphony.engine.schedule.DynamicTargetAction.execute(DynamicTargetAction.java:69)
	... 7 more
Caused by: groovy.lang.MissingMethodException: No signature of method: cyberfit.relogo.UserObserver.createPatch() is applicable for argument types: (Integer, Integer) values: [100, 100]
Possible solutions: createPatchVar(repast.simphony.relogo.DiffusiblePatchVariable)
	at org.codehaus.groovy.runtime.ScriptBytecodeAdapter.unwrap(ScriptBytecodeAdapter.java:58)
	at org.codehaus.groovy.vmplugin.v7.IndyGuardsFiltersAndSignatures.unwrap(IndyGuardsFiltersAndSignatures.java:177)
	at cyberfit.relogo.UserObserver.setup(UserObserver.groovy:22)
	... 10 more
FATAL [Thread-6] 2018-04-18 15:28:59,694 repast.simphony.ui.GUIScheduleRunner - RunTimeException when running the schedule
Current tick (0.0)
java.lang.RuntimeException: java.lang.reflect.InvocationTargetException
	at repast.simphony.engine.schedule.DynamicTargetAction.execute(DynamicTargetAction.java:72)
	at repast.simphony.engine.controller.ScheduledMethodControllerAction$ScheduleMethodAllAction.execute(ScheduledMethodControllerAction.java:333)
	at repast.simphony.engine.schedule.DefaultAction.execute(DefaultAction.java:38)
	at repast.simphony.engine.schedule.ScheduleGroup.executeList(ScheduleGroup.java:205)
	at repast.simphony.engine.schedule.ScheduleGroup.execute(ScheduleGroup.java:231)
	at repast.simphony.engine.schedule.Schedule.execute(Schedule.java:352)
	at repast.simphony.ui.GUIScheduleRunner$ScheduleLoopRunnable.run(GUIScheduleRunner.java:52)
	at java.lang.Thread.run(Thread.java:745)
Caused by: java.lang.reflect.InvocationTargetException
	at cyberfit.relogo.UserObserver$$FastClassByCGLIB$$3a39e39b.invoke(<generated>)
	at net.sf.cglib.reflect.FastMethod.invoke(FastMethod.java:53)
	at repast.simphony.engine.schedule.DynamicTargetAction.execute(DynamicTargetAction.java:69)
	... 7 more
Caused by: groovy.lang.MissingMethodException: No signature of method: cyberfit.relogo.UserObserver.createDefender() is applicable for argument types: (Integer, cyberfit.relogo.UserObserver$_setup_closure1) values: [1, cyberfit.relogo.UserObserver$_setup_closure1@7255f5da]
Possible solutions: createDefenders(int), createDefenders(int, groovy.lang.Closure)
	at org.codehaus.groovy.runtime.ScriptBytecodeAdapter.unwrap(ScriptBytecodeAdapter.java:58)
	at org.codehaus.groovy.vmplugin.v7.IndyGuardsFiltersAndSignatures.unwrap(IndyGuardsFiltersAndSignatures.java:177)
	at org.codehaus.groovy.vmplugin.v7.IndyInterface.selectMethod(IndyInterface.java:232)
	at cyberfit.relogo.UserObserver.setup(UserObserver.groovy:27)
	... 10 more
FATAL [Thread-7] 2018-04-18 15:29:06,764 repast.simphony.ui.GUIScheduleRunner - RunTimeException when running the schedule
Current tick (0.0)
java.lang.RuntimeException: java.lang.reflect.InvocationTargetException
	at repast.simphony.engine.schedule.DynamicTargetAction.execute(DynamicTargetAction.java:72)
	at repast.simphony.engine.controller.ScheduledMethodControllerAction$ScheduleMethodAllAction.execute(ScheduledMethodControllerAction.java:333)
	at repast.simphony.engine.schedule.DefaultAction.execute(DefaultAction.java:38)
	at repast.simphony.engine.schedule.ScheduleGroup.executeList(ScheduleGroup.java:205)
	at repast.simphony.engine.schedule.ScheduleGroup.execute(ScheduleGroup.java:231)
	at repast.simphony.engine.schedule.Schedule.execute(Schedule.java:352)
	at repast.simphony.ui.GUIScheduleRunner$ScheduleLoopRunnable.run(GUIScheduleRunner.java:52)
	at java.lang.Thread.run(Thread.java:745)
Caused by: java.lang.reflect.InvocationTargetException
	at cyberfit.relogo.UserObserver$$FastClassByCGLIB$$3a39e39b.invoke(<generated>)
	at net.sf.cglib.reflect.FastMethod.invoke(FastMethod.java:53)
	at repast.simphony.engine.schedule.DynamicTargetAction.execute(DynamicTargetAction.java:69)
	... 7 more
Caused by: groovy.lang.MissingMethodException: No signature of method: cyberfit.relogo.UserObserver.createDefender() is applicable for argument types: (Integer, cyberfit.relogo.UserObserver$_setup_closure1) values: [1, cyberfit.relogo.UserObserver$_setup_closure1@71050634]
Possible solutions: createDefenders(int), createDefenders(int, groovy.lang.Closure)
	at org.codehaus.groovy.runtime.ScriptBytecodeAdapter.unwrap(ScriptBytecodeAdapter.java:58)
	at org.codehaus.groovy.vmplugin.v7.IndyGuardsFiltersAndSignatures.unwrap(IndyGuardsFiltersAndSignatures.java:177)
	at cyberfit.relogo.UserObserver.setup(UserObserver.groovy:27)
	... 10 more
FATAL [Thread-6] 2018-04-18 15:30:11,599 repast.simphony.ui.GUIScheduleRunner - RunTimeException when running the schedule
Current tick (0.0)
java.lang.RuntimeException: java.lang.reflect.InvocationTargetException
	at repast.simphony.engine.schedule.DynamicTargetAction.execute(DynamicTargetAction.java:72)
	at repast.simphony.engine.controller.ScheduledMethodControllerAction$ScheduleMethodAllAction.execute(ScheduledMethodControllerAction.java:333)
	at repast.simphony.engine.schedule.DefaultAction.execute(DefaultAction.java:38)
	at repast.simphony.engine.schedule.ScheduleGroup.executeList(ScheduleGroup.java:205)
	at repast.simphony.engine.schedule.ScheduleGroup.execute(ScheduleGroup.java:231)
	at repast.simphony.engine.schedule.Schedule.execute(Schedule.java:352)
	at repast.simphony.ui.GUIScheduleRunner$ScheduleLoopRunnable.run(GUIScheduleRunner.java:52)
	at java.lang.Thread.run(Thread.java:745)
Caused by: java.lang.reflect.InvocationTargetException
	at cyberfit.relogo.UserObserver$$FastClassByCGLIB$$3a39e39b.invoke(<generated>)
	at net.sf.cglib.reflect.FastMethod.invoke(FastMethod.java:53)
	at repast.simphony.engine.schedule.DynamicTargetAction.execute(DynamicTargetAction.java:69)
	... 7 more
Caused by: groovy.lang.MissingMethodException: No signature of method: cyberfit.relogo.UserObserver.createDefender() is applicable for argument types: (Integer, cyberfit.relogo.UserObserver$_setup_closure1) values: [1, cyberfit.relogo.UserObserver$_setup_closure1@42eed659]
Possible solutions: createDefenders(int), createDefenders(int, groovy.lang.Closure)
	at org.codehaus.groovy.runtime.ScriptBytecodeAdapter.unwrap(ScriptBytecodeAdapter.java:58)
	at org.codehaus.groovy.vmplugin.v7.IndyGuardsFiltersAndSignatures.unwrap(IndyGuardsFiltersAndSignatures.java:177)
	at org.codehaus.groovy.vmplugin.v7.IndyInterface.selectMethod(IndyInterface.java:232)
	at cyberfit.relogo.UserObserver.setup(UserObserver.groovy:27)
	... 10 more
FATAL [Thread-7] 2018-04-18 15:30:24,780 repast.simphony.ui.GUIScheduleRunner - RunTimeException when running the schedule
Current tick (0.0)
java.lang.RuntimeException: java.lang.reflect.InvocationTargetException
	at repast.simphony.engine.schedule.DynamicTargetAction.execute(DynamicTargetAction.java:72)
	at repast.simphony.engine.controller.ScheduledMethodControllerAction$ScheduleMethodAllAction.execute(ScheduledMethodControllerAction.java:333)
	at repast.simphony.engine.schedule.DefaultAction.execute(DefaultAction.java:38)
	at repast.simphony.engine.schedule.ScheduleGroup.executeList(ScheduleGroup.java:205)
	at repast.simphony.engine.schedule.ScheduleGroup.execute(ScheduleGroup.java:231)
	at repast.simphony.engine.schedule.Schedule.execute(Schedule.java:352)
	at repast.simphony.ui.GUIScheduleRunner$ScheduleLoopRunnable.run(GUIScheduleRunner.java:52)
	at java.lang.Thread.run(Thread.java:745)
Caused by: java.lang.reflect.InvocationTargetException
	at cyberfit.relogo.UserObserver$$FastClassByCGLIB$$3a39e39b.invoke(<generated>)
	at net.sf.cglib.reflect.FastMethod.invoke(FastMethod.java:53)
	at repast.simphony.engine.schedule.DynamicTargetAction.execute(DynamicTargetAction.java:69)
	... 7 more
Caused by: groovy.lang.MissingMethodException: No signature of method: cyberfit.relogo.UserObserver.createDefender() is applicable for argument types: (Integer, cyberfit.relogo.UserObserver$_setup_closure1) values: [1, cyberfit.relogo.UserObserver$_setup_closure1@e811ac2]
Possible solutions: createDefenders(int), createDefenders(int, groovy.lang.Closure)
	at org.codehaus.groovy.runtime.ScriptBytecodeAdapter.unwrap(ScriptBytecodeAdapter.java:58)
	at org.codehaus.groovy.vmplugin.v7.IndyGuardsFiltersAndSignatures.unwrap(IndyGuardsFiltersAndSignatures.java:177)
	at cyberfit.relogo.UserObserver.setup(UserObserver.groovy:27)
	... 10 more
FATAL [Thread-6] 2018-04-18 15:43:54,317 repast.simphony.ui.GUIScheduleRunner - RunTimeException when running the schedule
Current tick (0.0)
java.lang.RuntimeException: java.lang.reflect.InvocationTargetException
	at repast.simphony.engine.schedule.DynamicTargetAction.execute(DynamicTargetAction.java:72)
	at repast.simphony.engine.controller.ScheduledMethodControllerAction$ScheduleMethodAllAction.execute(ScheduledMethodControllerAction.java:333)
	at repast.simphony.engine.schedule.DefaultAction.execute(DefaultAction.java:38)
	at repast.simphony.engine.schedule.ScheduleGroup.executeList(ScheduleGroup.java:205)
	at repast.simphony.engine.schedule.ScheduleGroup.execute(ScheduleGroup.java:231)
	at repast.simphony.engine.schedule.Schedule.execute(Schedule.java:352)
	at repast.simphony.ui.GUIScheduleRunner$ScheduleLoopRunnable.run(GUIScheduleRunner.java:52)
	at java.lang.Thread.run(Thread.java:745)
Caused by: java.lang.reflect.InvocationTargetException
	at cyberfit.relogo.UserObserver$$FastClassByCGLIB$$3a39e39b.invoke(<generated>)
	at net.sf.cglib.reflect.FastMethod.invoke(FastMethod.java:53)
	at repast.simphony.engine.schedule.DynamicTargetAction.execute(DynamicTargetAction.java:69)
	... 7 more
Caused by: groovy.lang.MissingMethodException: No signature of method: cyberfit.relogo.Defender.createLinksTo() is applicable for argument types: (cyberfit.relogo.Machine) values: [Machine 3]
Possible solutions: createLinksTo(java.util.Collection), createLinkTo(repast.simphony.relogo.Turtle), createLinksTo(java.util.Collection, groovy.lang.Closure), createLinkTo(repast.simphony.relogo.Turtle, groovy.lang.Closure), createLinkFrom(repast.simphony.relogo.Turtle), createLinksFrom(java.util.Collection)
	at org.codehaus.groovy.runtime.ScriptBytecodeAdapter.unwrap(ScriptBytecodeAdapter.java:58)
	at org.codehaus.groovy.vmplugin.v7.IndyGuardsFiltersAndSignatures.unwrap(IndyGuardsFiltersAndSignatures.java:177)
	at org.codehaus.groovy.vmplugin.v7.IndyInterface.selectMethod(IndyInterface.java:232)
	at cyberfit.relogo.UserObserver.setup(UserObserver.groovy:35)
	... 10 more
INFO  [AWT-EventQueue-0] 2018-04-19 11:40:38,008 repast.simphony.batch.gui.BatchConfigMediator - Writing batch run config file to: /Users/dustin/eclipse-workspace/CyberFIT/output/config.props
INFO  [AWT-EventQueue-0] 2018-04-19 11:40:38,181 repast.simphony.batch.gui.BatchConfigMediator - Unrolling batch parameter file:
	/Users/dustin/eclipse-workspace/CyberFIT/batch/batch_params.xml to
	/var/folders/6d/f5jwlgcj2kgdh545n145m6c00000gn/T/unrolledParamFile.txt
INFO  [SwingWorker-pool-2-thread-1] 2018-04-19 11:40:48,849 repast.simphony.batch.ssh.LocalSession - 
	Copying locally /var/folders/6d/f5jwlgcj2kgdh545n145m6c00000gn/T/dustin_localhost4098588187164284783.zip to 
/var/folders/6d/f5jwlgcj2kgdh545n145m6c00000gn/T/simphony_model_1524152446318 ...
INFO  [SwingWorker-pool-2-thread-1] 2018-04-19 11:40:48,883 repast.simphony.batch.ssh.LocalSession - Copying Finished.
INFO  [SwingWorker-pool-2-thread-1] 2018-04-19 11:40:48,887 repast.simphony.batch.ssh.SessionsDriver - Initialization Time: 0.0428
INFO  [SwingWorker-pool-2-thread-1] 2018-04-19 11:40:48,887 repast.simphony.batch.ssh.LocalSession - Unzipping model /var/folders/6d/f5jwlgcj2kgdh545n145m6c00000gn/T/simphony_model_1524152446318/dustin_localhost4098588187164284783.zip
INFO  [SwingWorker-pool-2-thread-1] 2018-04-19 11:40:49,344 repast.simphony.batch.ssh.LocalSession - Running model on localhost ...
INFO  [AWT-EventQueue-0] 2018-04-19 11:40:57,041 repast.simphony.batch.gui.BatchConfigMediator - Writing batch run config file to: /Users/dustin/eclipse-workspace/CyberFIT/output/config.props
INFO  [AWT-EventQueue-0] 2018-04-19 11:40:57,043 repast.simphony.batch.gui.BatchConfigMediator - Unrolling batch parameter file:
	/Users/dustin/eclipse-workspace/CyberFIT/batch/batch_params.xml to
	/var/folders/6d/f5jwlgcj2kgdh545n145m6c00000gn/T/unrolledParamFile.txt
INFO  [SwingWorker-pool-2-thread-2] 2018-04-19 11:41:04,881 repast.simphony.batch.ssh.LocalSession - 
	Copying locally /var/folders/6d/f5jwlgcj2kgdh545n145m6c00000gn/T/dustin_localhost2103000611212426442.zip to 
/var/folders/6d/f5jwlgcj2kgdh545n145m6c00000gn/T/simphony_model_1524152461673 ...
INFO  [SwingWorker-pool-2-thread-2] 2018-04-19 11:41:04,929 repast.simphony.batch.ssh.LocalSession - Copying Finished.
INFO  [SwingWorker-pool-2-thread-2] 2018-04-19 11:41:04,929 repast.simphony.batch.ssh.SessionsDriver - Initialization Time: 0.0543
INFO  [SwingWorker-pool-2-thread-2] 2018-04-19 11:41:04,930 repast.simphony.batch.ssh.LocalSession - Unzipping model /var/folders/6d/f5jwlgcj2kgdh545n145m6c00000gn/T/simphony_model_1524152461673/dustin_localhost2103000611212426442.zip
INFO  [SwingWorker-pool-2-thread-2] 2018-04-19 11:41:05,528 repast.simphony.batch.ssh.LocalSession - Running model on localhost ...
INFO  [pool-3-thread-1] 2018-04-19 11:41:49,350 repast.simphony.batch.ssh.LocalDonePoller - Polled /var/folders/6d/f5jwlgcj2kgdh545n145m6c00000gn/T/simphony_model_1524152446318 for DONE:  no
INFO  [pool-4-thread-1] 2018-04-19 11:42:05,534 repast.simphony.batch.ssh.LocalDonePoller - Polled /var/folders/6d/f5jwlgcj2kgdh545n145m6c00000gn/T/simphony_model_1524152461673 for DONE:  no
INFO  [pool-3-thread-1] 2018-04-19 11:42:49,353 repast.simphony.batch.ssh.LocalDonePoller - Polled /var/folders/6d/f5jwlgcj2kgdh545n145m6c00000gn/T/simphony_model_1524152446318 for DONE:  no
INFO  [pool-4-thread-1] 2018-04-19 11:43:05,539 repast.simphony.batch.ssh.LocalDonePoller - Polled /var/folders/6d/f5jwlgcj2kgdh545n145m6c00000gn/T/simphony_model_1524152461673 for DONE:  no
INFO  [pool-3-thread-1] 2018-04-19 11:43:49,354 repast.simphony.batch.ssh.LocalDonePoller - Polled /var/folders/6d/f5jwlgcj2kgdh545n145m6c00000gn/T/simphony_model_1524152446318 for DONE:  no
INFO  [pool-4-thread-1] 2018-04-19 11:44:05,543 repast.simphony.batch.ssh.LocalDonePoller - Polled /var/folders/6d/f5jwlgcj2kgdh545n145m6c00000gn/T/simphony_model_1524152461673 for DONE:  no
INFO  [pool-3-thread-1] 2018-04-19 11:44:49,360 repast.simphony.batch.ssh.LocalDonePoller - Polled /var/folders/6d/f5jwlgcj2kgdh545n145m6c00000gn/T/simphony_model_1524152446318 for DONE:  no
INFO  [pool-4-thread-1] 2018-04-19 11:45:05,558 repast.simphony.batch.ssh.LocalDonePoller - Polled /var/folders/6d/f5jwlgcj2kgdh545n145m6c00000gn/T/simphony_model_1524152461673 for DONE:  no
INFO  [pool-3-thread-1] 2018-04-19 11:45:49,364 repast.simphony.batch.ssh.LocalDonePoller - Polled /var/folders/6d/f5jwlgcj2kgdh545n145m6c00000gn/T/simphony_model_1524152446318 for DONE:  no
INFO  [pool-4-thread-1] 2018-04-19 11:46:05,563 repast.simphony.batch.ssh.LocalDonePoller - Polled /var/folders/6d/f5jwlgcj2kgdh545n145m6c00000gn/T/simphony_model_1524152461673 for DONE:  no
