2018-06-12 08:56:18,901 - Loaded System Directive: org.apache.velocity.runtime.directive.Include
2018-06-12 08:56:18,904 - Loaded System Directive: org.apache.velocity.runtime.directive.Foreach
2018-06-12 08:56:18,947 - Created: 20 parsers.
2018-06-12 08:56:18,954 - Velocimacro : initialization starting.
2018-06-12 08:56:18,954 - Velocimacro : adding VMs from VM library template : VM_global_library.vm
2018-06-12 08:56:18,966 - ResourceManager : unable to find resource 'VM_global_library.vm' in any resource loader.
2018-06-12 08:56:18,966 - Velocimacro : error using  VM library template VM_global_library.vm : org.apache.velocity.exception.ResourceNotFoundException: Unable to find resource 'VM_global_library.vm'
2018-06-12 08:56:18,967 - Velocimacro :  VM library template macro registration complete.
2018-06-12 08:56:18,967 - Velocimacro : allowInline = true : VMs can be defined inline in templates
2018-06-12 08:56:18,967 - Velocimacro : allowInlineToOverride = false : VMs defined inline may NOT replace previous VM definitions
2018-06-12 08:56:18,967 - Velocimacro : allowInlineLocal = false : VMs defined inline will be  global in scope if allowed.
2018-06-12 08:56:18,967 - Velocimacro : messages on  : VM system will output logging messages
2018-06-12 08:56:18,967 - Velocimacro : autoload off  : VM system will not automatically reload global library macros
2018-06-12 08:56:18,967 - Velocimacro : initialization complete.
2018-06-12 08:56:18,967 - Velocity successfully started.
2018-06-12 08:57:20,707 - SimpleLog4JLogSystem initialized using logfile 'velocity.log'
2018-06-12 08:57:20,708 - ************************************************************** 
2018-06-12 08:57:20,708 - Starting Jakarta Velocity v1.4
2018-06-12 08:57:20,708 - RuntimeInstance initializing.
2018-06-12 08:57:20,708 - Default Properties File: org\apache\velocity\runtime\defaults\velocity.properties
2018-06-12 08:57:20,708 - Trying to use logger class org.apache.velocity.runtime.log.SimpleLog4JLogSystem
2018-06-12 08:57:20,708 - Using logger class org.apache.velocity.runtime.log.SimpleLog4JLogSystem
2018-06-12 08:57:20,710 - Default ResourceManager initializing. (class org.apache.velocity.runtime.resource.ResourceManagerImpl)
2018-06-12 08:57:20,712 - Resource Loader Instantiated: org.apache.velocity.runtime.resource.loader.ClasspathResourceLoader
2018-06-12 08:57:20,712 - ClasspathResourceLoader : initialization starting.
2018-06-12 08:57:20,712 - ClasspathResourceLoader : initialization complete.
2018-06-12 08:57:20,713 - ResourceCache : initialized. (class org.apache.velocity.runtime.resource.ResourceCacheImpl)
2018-06-12 08:57:20,713 - Default ResourceManager initialization complete.
2018-06-12 08:57:20,716 - Loaded System Directive: org.apache.velocity.runtime.directive.Literal
2018-06-12 08:57:20,717 - Loaded System Directive: org.apache.velocity.runtime.directive.Macro
2018-06-12 08:57:20,719 - Loaded System Directive: org.apache.velocity.runtime.directive.Parse
2018-06-12 08:57:20,720 - Loaded System Directive: org.apache.velocity.runtime.directive.Include
2018-06-12 08:57:20,721 - Loaded System Directive: org.apache.velocity.runtime.directive.Foreach
2018-06-12 08:57:20,742 - Created: 20 parsers.
2018-06-12 08:57:20,747 - Velocimacro : initialization starting.
2018-06-12 08:57:20,747 - Velocimacro : adding VMs from VM library template : VM_global_library.vm
2018-06-12 08:57:20,756 - ResourceManager : unable to find resource 'VM_global_library.vm' in any resource loader.
2018-06-12 08:57:20,756 - Velocimacro : error using  VM library template VM_global_library.vm : org.apache.velocity.exception.ResourceNotFoundException: Unable to find resource 'VM_global_library.vm'
2018-06-12 08:57:20,756 - Velocimacro :  VM library template macro registration complete.
2018-06-12 08:57:20,756 - Velocimacro : allowInline = true : VMs can be defined inline in templates
2018-06-12 08:57:20,757 - Velocimacro : allowInlineToOverride = false : VMs defined inline may NOT replace previous VM definitions
2018-06-12 08:57:20,757 - Velocimacro : allowInlineLocal = false : VMs defined inline will be  global in scope if allowed.
2018-06-12 08:57:20,757 - Velocimacro : messages on  : VM system will output logging messages
2018-06-12 08:57:20,757 - Velocimacro : autoload off  : VM system will not automatically reload global library macros
2018-06-12 08:57:20,757 - Velocimacro : initialization complete.
2018-06-12 08:57:20,757 - Velocity successfully started.
2018-06-12 09:05:45,254 - SimpleLog4JLogSystem initialized using logfile 'velocity.log'
2018-06-12 09:05:45,255 - ************************************************************** 
2018-06-12 09:05:45,255 - Starting Jakarta Velocity v1.4
2018-06-12 09:05:45,255 - RuntimeInstance initializing.
2018-06-12 09:05:45,255 - Default Properties File: org\apache\velocity\runtime\defaults\velocity.properties
2018-06-12 09:05:45,255 - Trying to use logger class org.apache.velocity.runtime.log.SimpleLog4JLogSystem
2018-06-12 09:05:45,255 - Using logger class org.apache.velocity.runtime.log.SimpleLog4JLogSystem
2018-06-12 09:05:45,257 - Default ResourceManager initializing. (class org.apache.velocity.runtime.resource.ResourceManagerImpl)
2018-06-12 09:05:45,260 - Resource Loader Instantiated: org.apache.velocity.runtime.resource.loader.ClasspathResourceLoader
2018-06-12 09:05:45,260 - ClasspathResourceLoader : initialization starting.
2018-06-12 09:05:45,260 - ClasspathResourceLoader : initialization complete.
2018-06-12 09:05:45,261 - ResourceCache : initialized. (class org.apache.velocity.runtime.resource.ResourceCacheImpl)
2018-06-12 09:05:45,261 - Default ResourceManager initialization complete.
2018-06-12 09:05:45,263 - Loaded System Directive: org.apache.velocity.runtime.directive.Literal
2018-06-12 09:05:45,264 - Loaded System Directive: org.apache.velocity.runtime.directive.Macro
2018-06-12 09:05:45,267 - Loaded System Directive: org.apache.velocity.runtime.directive.Parse
2018-06-12 09:05:45,268 - Loaded System Directive: org.apache.velocity.runtime.directive.Include
2018-06-12 09:05:45,269 - Loaded System Directive: org.apache.velocity.runtime.directive.Foreach
2018-06-12 09:05:45,290 - Created: 20 parsers.
2018-06-12 09:05:45,296 - Velocimacro : initialization starting.
2018-06-12 09:05:45,297 - Velocimacro : adding VMs from VM library template : VM_global_library.vm
2018-06-12 09:05:45,305 - ResourceManager : unable to find resource 'VM_global_library.vm' in any resource loader.
2018-06-12 09:05:45,305 - Velocimacro : error using  VM library template VM_global_library.vm : org.apache.velocity.exception.ResourceNotFoundException: Unable to find resource 'VM_global_library.vm'
2018-06-12 09:05:45,305 - Velocimacro :  VM library template macro registration complete.
2018-06-12 09:05:45,305 - Velocimacro : allowInline = true : VMs can be defined inline in templates
2018-06-12 09:05:45,305 - Velocimacro : allowInlineToOverride = false : VMs defined inline may NOT replace previous VM definitions
2018-06-12 09:05:45,305 - Velocimacro : allowInlineLocal = false : VMs defined inline will be  global in scope if allowed.
2018-06-12 09:05:45,305 - Velocimacro : messages on  : VM system will output logging messages
2018-06-12 09:05:45,306 - Velocimacro : autoload off  : VM system will not automatically reload global library macros
2018-06-12 09:05:45,306 - Velocimacro : initialization complete.
2018-06-12 09:05:45,306 - Velocity successfully started.
